2020-04-14T06:51:35.237Z
SyntaxError: You have a syntax error at "table.dbml" line 1 column 7. Expected " " or valid name but "." found.
    at /usr/local/lib/node_modules/@dbml/cli/lib/cli/utils.js:55:13
    at Array.forEach (<anonymous>)
    at generate (/usr/local/lib/node_modules/@dbml/cli/lib/cli/utils.js:48:14)
    at exportHandler (/usr/local/lib/node_modules/@dbml/cli/lib/cli/export.js:38:27)
    at Object.dbml2sql (/usr/local/lib/node_modules/@dbml/cli/lib/cli/index.js:27:23)
    at Object.<anonymous> (/usr/local/lib/node_modules/@dbml/cli/bin/dbml2sql.js:4:19)
    at Module._compile (internal/modules/cjs/loader.js:1151:30)
    at Object.Module._extensions..js (internal/modules/cjs/loader.js:1171:10)
    at Module.load (internal/modules/cjs/loader.js:1000:32)
    at Function.Module._load (internal/modules/cjs/loader.js:899:14)

ROOT_ERROR:
SyntaxError: Expected " " or valid name but "." found.
    at peg$buildStructuredError (/usr/local/lib/node_modules/@dbml/cli/node_modules/@dbml/core/lib/parse/dbmlParser.js:1085:12)
    at Object.peg$parse [as parse] (/usr/local/lib/node_modules/@dbml/cli/node_modules/@dbml/core/lib/parse/dbmlParser.js:7375:11)
    at Function.parseDBMLToJSON (/usr/local/lib/node_modules/@dbml/cli/node_modules/@dbml/core/lib/parse/Parser.js:54:37)
    at Function.parse (/usr/local/lib/node_modules/@dbml/cli/node_modules/@dbml/core/lib/parse/Parser.js:76:32)
    at Object._export [as export] (/usr/local/lib/node_modules/@dbml/cli/node_modules/@dbml/core/lib/export/index.js:15:37)
    at /usr/local/lib/node_modules/@dbml/cli/lib/cli/export.js:38:69
    at /usr/local/lib/node_modules/@dbml/cli/lib/cli/utils.js:52:23
    at Array.forEach (<anonymous>)
    at generate (/usr/local/lib/node_modules/@dbml/cli/lib/cli/utils.js:48:14)
    at exportHandler (/usr/local/lib/node_modules/@dbml/cli/lib/cli/export.js:38:27)
{"start":{"offset":6,"line":1,"column":7},"end":{"offset":7,"line":1,"column":8}}

2020-04-14T07:18:27.033Z
SyntaxError: You have a syntax error at "table.dbml" line 5 column 5. Expected "note", "note:", "}", comment, indexes, valid name, or whitespace but "." found.
    at /usr/local/lib/node_modules/@dbml/cli/lib/cli/utils.js:55:13
    at Array.forEach (<anonymous>)
    at generate (/usr/local/lib/node_modules/@dbml/cli/lib/cli/utils.js:48:14)
    at exportHandler (/usr/local/lib/node_modules/@dbml/cli/lib/cli/export.js:38:27)
    at Object.dbml2sql (/usr/local/lib/node_modules/@dbml/cli/lib/cli/index.js:27:23)
    at Object.<anonymous> (/usr/local/lib/node_modules/@dbml/cli/bin/dbml2sql.js:4:19)
    at Module._compile (internal/modules/cjs/loader.js:1151:30)
    at Object.Module._extensions..js (internal/modules/cjs/loader.js:1171:10)
    at Module.load (internal/modules/cjs/loader.js:1000:32)
    at Function.Module._load (internal/modules/cjs/loader.js:899:14)

ROOT_ERROR:
SyntaxError: Expected "note", "note:", "}", comment, indexes, valid name, or whitespace but "." found.
    at peg$buildStructuredError (/usr/local/lib/node_modules/@dbml/cli/node_modules/@dbml/core/lib/parse/dbmlParser.js:1085:12)
    at Object.peg$parse [as parse] (/usr/local/lib/node_modules/@dbml/cli/node_modules/@dbml/core/lib/parse/dbmlParser.js:7375:11)
    at Function.parseDBMLToJSON (/usr/local/lib/node_modules/@dbml/cli/node_modules/@dbml/core/lib/parse/Parser.js:54:37)
    at Function.parse (/usr/local/lib/node_modules/@dbml/cli/node_modules/@dbml/core/lib/parse/Parser.js:76:32)
    at Object._export [as export] (/usr/local/lib/node_modules/@dbml/cli/node_modules/@dbml/core/lib/export/index.js:15:37)
    at /usr/local/lib/node_modules/@dbml/cli/lib/cli/export.js:38:69
    at /usr/local/lib/node_modules/@dbml/cli/lib/cli/utils.js:52:23
    at Array.forEach (<anonymous>)
    at generate (/usr/local/lib/node_modules/@dbml/cli/lib/cli/utils.js:48:14)
    at exportHandler (/usr/local/lib/node_modules/@dbml/cli/lib/cli/export.js:38:27)
{"start":{"offset":134,"line":5,"column":5},"end":{"offset":135,"line":5,"column":6}}

2020-04-14T07:34:42.152Z
SyntaxError: You have a syntax error at "table.dbml" line 5 column 5. Expected "note", "note:", "}", comment, indexes, valid name, or whitespace but "." found.
    at /usr/local/lib/node_modules/@dbml/cli/lib/cli/utils.js:55:13
    at Array.forEach (<anonymous>)
    at generate (/usr/local/lib/node_modules/@dbml/cli/lib/cli/utils.js:48:14)
    at exportHandler (/usr/local/lib/node_modules/@dbml/cli/lib/cli/export.js:38:27)
    at Object.dbml2sql (/usr/local/lib/node_modules/@dbml/cli/lib/cli/index.js:27:23)
    at Object.<anonymous> (/usr/local/lib/node_modules/@dbml/cli/bin/dbml2sql.js:4:19)
    at Module._compile (internal/modules/cjs/loader.js:1151:30)
    at Object.Module._extensions..js (internal/modules/cjs/loader.js:1171:10)
    at Module.load (internal/modules/cjs/loader.js:1000:32)
    at Function.Module._load (internal/modules/cjs/loader.js:899:14)

ROOT_ERROR:
SyntaxError: Expected "note", "note:", "}", comment, indexes, valid name, or whitespace but "." found.
    at peg$buildStructuredError (/usr/local/lib/node_modules/@dbml/cli/node_modules/@dbml/core/lib/parse/dbmlParser.js:1085:12)
    at Object.peg$parse [as parse] (/usr/local/lib/node_modules/@dbml/cli/node_modules/@dbml/core/lib/parse/dbmlParser.js:7375:11)
    at Function.parseDBMLToJSON (/usr/local/lib/node_modules/@dbml/cli/node_modules/@dbml/core/lib/parse/Parser.js:54:37)
    at Function.parse (/usr/local/lib/node_modules/@dbml/cli/node_modules/@dbml/core/lib/parse/Parser.js:76:32)
    at Object._export [as export] (/usr/local/lib/node_modules/@dbml/cli/node_modules/@dbml/core/lib/export/index.js:15:37)
    at /usr/local/lib/node_modules/@dbml/cli/lib/cli/export.js:38:69
    at /usr/local/lib/node_modules/@dbml/cli/lib/cli/utils.js:52:23
    at Array.forEach (<anonymous>)
    at generate (/usr/local/lib/node_modules/@dbml/cli/lib/cli/utils.js:48:14)
    at exportHandler (/usr/local/lib/node_modules/@dbml/cli/lib/cli/export.js:38:27)
{"start":{"offset":142,"line":5,"column":5},"end":{"offset":143,"line":5,"column":6}}

2020-04-14T07:39:12.489Z
SyntaxError: You have a syntax error at "table.dbml" line 4 column 27. Expected " ", comment, or newline but "(" found.
    at /usr/local/lib/node_modules/@dbml/cli/lib/cli/utils.js:55:13
    at Array.forEach (<anonymous>)
    at generate (/usr/local/lib/node_modules/@dbml/cli/lib/cli/utils.js:48:14)
    at exportHandler (/usr/local/lib/node_modules/@dbml/cli/lib/cli/export.js:38:27)
    at Object.dbml2sql (/usr/local/lib/node_modules/@dbml/cli/lib/cli/index.js:27:23)
    at Object.<anonymous> (/usr/local/lib/node_modules/@dbml/cli/bin/dbml2sql.js:4:19)
    at Module._compile (internal/modules/cjs/loader.js:1151:30)
    at Object.Module._extensions..js (internal/modules/cjs/loader.js:1171:10)
    at Module.load (internal/modules/cjs/loader.js:1000:32)
    at Function.Module._load (internal/modules/cjs/loader.js:899:14)

ROOT_ERROR:
SyntaxError: Expected " ", comment, or newline but "(" found.
    at peg$buildStructuredError (/usr/local/lib/node_modules/@dbml/cli/node_modules/@dbml/core/lib/parse/dbmlParser.js:1085:12)
    at Object.peg$parse [as parse] (/usr/local/lib/node_modules/@dbml/cli/node_modules/@dbml/core/lib/parse/dbmlParser.js:7375:11)
    at Function.parseDBMLToJSON (/usr/local/lib/node_modules/@dbml/cli/node_modules/@dbml/core/lib/parse/Parser.js:54:37)
    at Function.parse (/usr/local/lib/node_modules/@dbml/cli/node_modules/@dbml/core/lib/parse/Parser.js:76:32)
    at Object._export [as export] (/usr/local/lib/node_modules/@dbml/cli/node_modules/@dbml/core/lib/export/index.js:15:37)
    at /usr/local/lib/node_modules/@dbml/cli/lib/cli/export.js:38:69
    at /usr/local/lib/node_modules/@dbml/cli/lib/cli/utils.js:52:23
    at Array.forEach (<anonymous>)
    at generate (/usr/local/lib/node_modules/@dbml/cli/lib/cli/utils.js:48:14)
    at exportHandler (/usr/local/lib/node_modules/@dbml/cli/lib/cli/export.js:38:27)
{"start":{"offset":117,"line":4,"column":27},"end":{"offset":118,"line":4,"column":28}}

2020-04-14T08:16:47.002Z
SyntaxError: You have a syntax error at "table.dbml" line 4 column 28. Expected " ", "[", PK, comment, newline, or unique but "v" found.
    at /usr/local/lib/node_modules/@dbml/cli/lib/cli/utils.js:55:13
    at Array.forEach (<anonymous>)
    at generate (/usr/local/lib/node_modules/@dbml/cli/lib/cli/utils.js:48:14)
    at exportHandler (/usr/local/lib/node_modules/@dbml/cli/lib/cli/export.js:38:27)
    at Object.dbml2sql (/usr/local/lib/node_modules/@dbml/cli/lib/cli/index.js:27:23)
    at Object.<anonymous> (/usr/local/lib/node_modules/@dbml/cli/bin/dbml2sql.js:4:19)
    at Module._compile (internal/modules/cjs/loader.js:1151:30)
    at Object.Module._extensions..js (internal/modules/cjs/loader.js:1171:10)
    at Module.load (internal/modules/cjs/loader.js:1000:32)
    at Function.Module._load (internal/modules/cjs/loader.js:899:14)

ROOT_ERROR:
SyntaxError: Expected " ", "[", PK, comment, newline, or unique but "v" found.
    at peg$buildStructuredError (/usr/local/lib/node_modules/@dbml/cli/node_modules/@dbml/core/lib/parse/dbmlParser.js:1085:12)
    at Object.peg$parse [as parse] (/usr/local/lib/node_modules/@dbml/cli/node_modules/@dbml/core/lib/parse/dbmlParser.js:7375:11)
    at Function.parseDBMLToJSON (/usr/local/lib/node_modules/@dbml/cli/node_modules/@dbml/core/lib/parse/Parser.js:54:37)
    at Function.parse (/usr/local/lib/node_modules/@dbml/cli/node_modules/@dbml/core/lib/parse/Parser.js:76:32)
    at Object._export [as export] (/usr/local/lib/node_modules/@dbml/cli/node_modules/@dbml/core/lib/export/index.js:15:37)
    at /usr/local/lib/node_modules/@dbml/cli/lib/cli/export.js:38:69
    at /usr/local/lib/node_modules/@dbml/cli/lib/cli/utils.js:52:23
    at Array.forEach (<anonymous>)
    at generate (/usr/local/lib/node_modules/@dbml/cli/lib/cli/utils.js:48:14)
    at exportHandler (/usr/local/lib/node_modules/@dbml/cli/lib/cli/export.js:38:27)
{"start":{"offset":118,"line":4,"column":28},"end":{"offset":119,"line":4,"column":29}}

2020-04-14T08:17:00.850Z
SyntaxError: You have a syntax error at "table.dbml" line 4 column 23. Expected " ", "[", PK, comment, newline, or unique but "v" found.
    at /usr/local/lib/node_modules/@dbml/cli/lib/cli/utils.js:55:13
    at Array.forEach (<anonymous>)
    at generate (/usr/local/lib/node_modules/@dbml/cli/lib/cli/utils.js:48:14)
    at exportHandler (/usr/local/lib/node_modules/@dbml/cli/lib/cli/export.js:38:27)
    at Object.dbml2sql (/usr/local/lib/node_modules/@dbml/cli/lib/cli/index.js:27:23)
    at Object.<anonymous> (/usr/local/lib/node_modules/@dbml/cli/bin/dbml2sql.js:4:19)
    at Module._compile (internal/modules/cjs/loader.js:1151:30)
    at Object.Module._extensions..js (internal/modules/cjs/loader.js:1171:10)
    at Module.load (internal/modules/cjs/loader.js:1000:32)
    at Function.Module._load (internal/modules/cjs/loader.js:899:14)

ROOT_ERROR:
SyntaxError: Expected " ", "[", PK, comment, newline, or unique but "v" found.
    at peg$buildStructuredError (/usr/local/lib/node_modules/@dbml/cli/node_modules/@dbml/core/lib/parse/dbmlParser.js:1085:12)
    at Object.peg$parse [as parse] (/usr/local/lib/node_modules/@dbml/cli/node_modules/@dbml/core/lib/parse/dbmlParser.js:7375:11)
    at Function.parseDBMLToJSON (/usr/local/lib/node_modules/@dbml/cli/node_modules/@dbml/core/lib/parse/Parser.js:54:37)
    at Function.parse (/usr/local/lib/node_modules/@dbml/cli/node_modules/@dbml/core/lib/parse/Parser.js:76:32)
    at Object._export [as export] (/usr/local/lib/node_modules/@dbml/cli/node_modules/@dbml/core/lib/export/index.js:15:37)
    at /usr/local/lib/node_modules/@dbml/cli/lib/cli/export.js:38:69
    at /usr/local/lib/node_modules/@dbml/cli/lib/cli/utils.js:52:23
    at Array.forEach (<anonymous>)
    at generate (/usr/local/lib/node_modules/@dbml/cli/lib/cli/utils.js:48:14)
    at exportHandler (/usr/local/lib/node_modules/@dbml/cli/lib/cli/export.js:38:27)
{"start":{"offset":113,"line":4,"column":23},"end":{"offset":114,"line":4,"column":24}}

